Using pre-set license
Built from '2020.2/staging' branch; Version is '2020.2.3f1 (8ff31bc5bf5b) revision 9433883'; Using compiler version '192528614'; Build Type 'Release'
OS: 'Windows 10 Pro; OS build 19042.867; Version 2009; 64bit' Language: 'ru' Physical Memory: 32718 MB
BatchMode: 1, IsHumanControllingUs: 0, StartBugReporterOnCrash: 0, Is64bit: 1, IsPro: 0

 COMMAND LINE ARGUMENTS:
G:\Unity\2020.2.3f1\Editor\Unity.exe
-adb2
-batchMode
-noUpm
-name
AssetImportWorker0
-projectPath
G:/Unity proj/Git/UnityStart/Avdeev Roman
-logFile
Logs/AssetImportWorker0.log
-srvPort
65189
Successfully changed project path to: G:/Unity proj/Git/UnityStart/Avdeev Roman
G:/Unity proj/Git/UnityStart/Avdeev Roman
Using Asset Import Pipeline V2.
Refreshing native plugins compatible for Editor in 31.44 ms, found 0 plugins.
Preloading 0 native plugins for Editor in 0.00 ms.
Initialize engine version: 2020.2.3f1 (8ff31bc5bf5b)
[Subsystems] Discovering subsystems at path G:/Unity/2020.2.3f1/Editor/Data/Resources/UnitySubsystems
[Subsystems] Discovering subsystems at path G:/Unity proj/Git/UnityStart/Avdeev Roman/Assets
GfxDevice: creating device client; threaded=0
Direct3D:
    Version:  Direct3D 11.0 [level 11.1]
    Renderer: NVIDIA GeForce RTX 3070 (ID=0x2484)
    Vendor:   
    VRAM:     8043 MB
    Driver:   27.21.14.6140
Initialize mono
Mono path[0] = 'G:/Unity/2020.2.3f1/Editor/Data/Managed'
Mono path[1] = 'G:/Unity/2020.2.3f1/Editor/Data/MonoBleedingEdge/lib/mono/unityjit'
Mono config path = 'G:/Unity/2020.2.3f1/Editor/Data/MonoBleedingEdge/etc'
Using monoOptions --debugger-agent=transport=dt_socket,embedding=1,server=y,suspend=n,address=127.0.0.1:56152
Begin MonoManager ReloadAssembly
Registering precompiled unity dll's ...
Register platform support module: G:/Unity/2020.2.3f1/Editor/Data/PlaybackEngines/WebGLSupport/UnityEditor.WebGL.Extensions.dll
Register platform support module: G:/Unity/2020.2.3f1/Editor/Data/PlaybackEngines/MacStandaloneSupport/UnityEditor.OSXStandalone.Extensions.dll
Register platform support module: G:/Unity/2020.2.3f1/Editor/Data/PlaybackEngines/WindowsStandaloneSupport/UnityEditor.WindowsStandalone.Extensions.dll
Registered in 0.001136 seconds.
Native extension for WindowsStandalone target not found
Native extension for OSXStandalone target not found
Native extension for WebGL target not found
Refreshing native plugins compatible for Editor in 32.05 ms, found 0 plugins.
Preloading 0 native plugins for Editor in 0.00 ms.
Invoked RoslynAnalysisRunner static constructor.
RoslynAnalysisRunner will not be running.
RoslynAnalysisRunner has terminated.
Mono: successfully reloaded assembly
- Completed reload, in  1.256 seconds
Platform modules already initialized, skipping
Registering precompiled user dll's ...
Registered in 0.000633 seconds.
Begin MonoManager ReloadAssembly
Native extension for WindowsStandalone target not found
Native extension for OSXStandalone target not found
Native extension for WebGL target not found
Refreshing native plugins compatible for Editor in 0.49 ms, found 0 plugins.
Preloading 0 native plugins for Editor in 0.00 ms.
Invoked RoslynAnalysisRunner static constructor.
RoslynAnalysisRunner will not be running.
RoslynAnalysisRunner has terminated.
Mono: successfully reloaded assembly
- Completed reload, in  0.642 seconds
Platform modules already initialized, skipping
========================================================================
Worker process is ready to serve import requests
Launched and connected shader compiler UnityShaderCompiler.exe after 0.03 seconds
Refreshing native plugins compatible for Editor in 0.43 ms, found 0 plugins.
Preloading 0 native plugins for Editor in 0.00 ms.
Unloading 1249 Unused Serialized files (Serialized files now loaded: 0)
System memory in use before: 88.8 MB.
System memory in use after: 88.5 MB.

Unloading 12 unused Assets to reduce memory usage. Loaded Objects now: 1729.
Total: 2.281500 ms (FindLiveObjects: 0.213100 ms CreateObjectMapping: 0.032600 ms MarkObjects: 1.712400 ms  DeleteObjects: 0.322700 ms)

========================================================================
Received Import Request.
  path: Assets/Scenes/TestScene/Lightmap-3_comp_dir.png
  artifactKey: Guid(5df7dd16e9fa98846b07464932db4f07) Importer(815301076,1909f56bfc062723c751e8b465ee728b)
Start importing Assets/Scenes/TestScene/Lightmap-3_comp_dir.png using Guid(5df7dd16e9fa98846b07464932db4f07) Importer(815301076,1909f56bfc062723c751e8b465ee728b)  -> (artifact id: 'e62764fce588ebed6c075c3393c5b286') in 0.074239 seconds
  Import took 0.076485 seconds .

========================================================================
Received Import Request.
  Time since last request: 0.000189 seconds.
  path: Assets/Scenes/TestScene/Lightmap-23_comp_dir.png
  artifactKey: Guid(a89c9dbaf1605c34db714ca7de177bca) Importer(815301076,1909f56bfc062723c751e8b465ee728b)
Start importing Assets/Scenes/TestScene/Lightmap-23_comp_dir.png using Guid(a89c9dbaf1605c34db714ca7de177bca) Importer(815301076,1909f56bfc062723c751e8b465ee728b)  -> (artifact id: '9ff70214c791e646fd4d5b3e3ab2fdaa') in 0.028046 seconds
  Import took 0.029960 seconds .

========================================================================
Received Import Request.
  Time since last request: 0.000189 seconds.
  path: Assets/Scenes/TestScene/Lightmap-22_comp_dir.png
  artifactKey: Guid(b526ff80d881b3d419adf1697a36ec3b) Importer(815301076,1909f56bfc062723c751e8b465ee728b)
Start importing Assets/Scenes/TestScene/Lightmap-22_comp_dir.png using Guid(b526ff80d881b3d419adf1697a36ec3b) Importer(815301076,1909f56bfc062723c751e8b465ee728b)  -> (artifact id: 'a18ed56d453cab9d132bb4298e892bed') in 0.037232 seconds
  Import took 0.039271 seconds .

========================================================================
Received Import Request.
  Time since last request: 0.000210 seconds.
  path: Assets/Scenes/TestScene/Lightmap-19_comp_dir.png
  artifactKey: Guid(05eb68a79173deb4f9874a8733b1db5e) Importer(815301076,1909f56bfc062723c751e8b465ee728b)
Start importing Assets/Scenes/TestScene/Lightmap-19_comp_dir.png using Guid(05eb68a79173deb4f9874a8733b1db5e) Importer(815301076,1909f56bfc062723c751e8b465ee728b)  -> (artifact id: '9a015f804571b283ec76ff6e5c7a5373') in 0.039895 seconds
  Import took 0.042599 seconds .

========================================================================
Received Import Request.
  Time since last request: 0.000166 seconds.
  path: Assets/Scenes/TestScene/Lightmap-27_comp_dir.png
  artifactKey: Guid(00bd722473cf6a242b4d18a8990f9b1d) Importer(815301076,1909f56bfc062723c751e8b465ee728b)
Start importing Assets/Scenes/TestScene/Lightmap-27_comp_dir.png using Guid(00bd722473cf6a242b4d18a8990f9b1d) Importer(815301076,1909f56bfc062723c751e8b465ee728b)  -> (artifact id: '5a757bb671e59f5f3e169ee74de8a0fa') in 0.048481 seconds
  Import took 0.050278 seconds .

========================================================================
Received Import Request.
  Time since last request: 0.000178 seconds.
  path: Assets/Scenes/TestScene/Lightmap-2_comp_light.exr
  artifactKey: Guid(44b8e5697216c06428b37cc2ceaf8ada) Importer(815301076,1909f56bfc062723c751e8b465ee728b)
Start importing Assets/Scenes/TestScene/Lightmap-2_comp_light.exr using Guid(44b8e5697216c06428b37cc2ceaf8ada) Importer(815301076,1909f56bfc062723c751e8b465ee728b)  -> (artifact id: '06c54ebd463754d8a7c0df067e2f25e5') in 0.034852 seconds
  Import took 0.037037 seconds .

========================================================================
Received Import Request.
  Time since last request: 0.000160 seconds.
  path: Assets/Scenes/TestScene/Lightmap-18_comp_dir.png
  artifactKey: Guid(0a9f1c2ce202cb946b274e3394984c60) Importer(815301076,1909f56bfc062723c751e8b465ee728b)
Start importing Assets/Scenes/TestScene/Lightmap-18_comp_dir.png using Guid(0a9f1c2ce202cb946b274e3394984c60) Importer(815301076,1909f56bfc062723c751e8b465ee728b)  -> (artifact id: '5cfd67b7411f83b31c9a7c4284dc6bda') in 0.045601 seconds
  Import took 0.047469 seconds .

========================================================================
Received Import Request.
  Time since last request: 0.000219 seconds.
  path: Assets/Scenes/TestScene/Lightmap-6_comp_dir.png
  artifactKey: Guid(0abcef7127a41984ebc8b294933b2bb5) Importer(815301076,1909f56bfc062723c751e8b465ee728b)
Start importing Assets/Scenes/TestScene/Lightmap-6_comp_dir.png using Guid(0abcef7127a41984ebc8b294933b2bb5) Importer(815301076,1909f56bfc062723c751e8b465ee728b)  -> (artifact id: '5d9dda28f9584bc542db9dea535f0d9b') in 0.048674 seconds
  Import took 0.050497 seconds .

========================================================================
Received Import Request.
  Time since last request: 0.000170 seconds.
  path: Assets/Scenes/TestScene/Lightmap-0_comp_light.exr
  artifactKey: Guid(afb7fbc3b43efe64fbbc0c3c3bdc30bf) Importer(815301076,1909f56bfc062723c751e8b465ee728b)
Start importing Assets/Scenes/TestScene/Lightmap-0_comp_light.exr using Guid(afb7fbc3b43efe64fbbc0c3c3bdc30bf) Importer(815301076,1909f56bfc062723c751e8b465ee728b)  -> (artifact id: '2cdef06049e35b6b92b2dd7fe30eea39') in 0.030416 seconds
  Import took 0.032234 seconds .

========================================================================
Received Import Request.
  Time since last request: 0.000161 seconds.
  path: Assets/Scenes/TestScene/Lightmap-8_comp_dir.png
  artifactKey: Guid(c90d7634e6cd1234694186d11800841c) Importer(815301076,1909f56bfc062723c751e8b465ee728b)
Start importing Assets/Scenes/TestScene/Lightmap-8_comp_dir.png using Guid(c90d7634e6cd1234694186d11800841c) Importer(815301076,1909f56bfc062723c751e8b465ee728b)  -> (artifact id: '969fe3de58d6af1fce968eca71320828') in 0.010028 seconds
  Import took 0.011884 seconds .

========================================================================
Received Import Request.
  Time since last request: 0.000194 seconds.
  path: Assets/Scenes/TestScene/Lightmap-21_comp_light.exr
  artifactKey: Guid(ac22b89577c917e45a0c09cc02bd607a) Importer(815301076,1909f56bfc062723c751e8b465ee728b)
Start importing Assets/Scenes/TestScene/Lightmap-21_comp_light.exr using Guid(ac22b89577c917e45a0c09cc02bd607a) Importer(815301076,1909f56bfc062723c751e8b465ee728b)  -> (artifact id: 'cfff28efad2c050d96d72ad252e12300') in 0.008263 seconds
  Import took 0.010061 seconds .

========================================================================
Received Import Request.
  Time since last request: 0.000165 seconds.
  path: Assets/Scenes/TestScene/Lightmap-14_comp_dir.png
  artifactKey: Guid(8ffd612691c387744901cc0579ec9083) Importer(815301076,1909f56bfc062723c751e8b465ee728b)
Start importing Assets/Scenes/TestScene/Lightmap-14_comp_dir.png using Guid(8ffd612691c387744901cc0579ec9083) Importer(815301076,1909f56bfc062723c751e8b465ee728b)  -> (artifact id: '68f9738fab42c11bd3d2b4471ae8afcc') in 0.010589 seconds
  Import took 0.012393 seconds .

========================================================================
Received Import Request.
  Time since last request: 0.000181 seconds.
  path: Assets/Scenes/TestScene/Lightmap-23_comp_light.exr
  artifactKey: Guid(81768c3ef58747a4aac0b8e639478cc3) Importer(815301076,1909f56bfc062723c751e8b465ee728b)
Start importing Assets/Scenes/TestScene/Lightmap-23_comp_light.exr using Guid(81768c3ef58747a4aac0b8e639478cc3) Importer(815301076,1909f56bfc062723c751e8b465ee728b)  -> (artifact id: '94f41ffcd4316d4ee30c42b8620f5899') in 0.011063 seconds
  Import took 0.012882 seconds .

========================================================================
Received Import Request.
  Time since last request: 0.000165 seconds.
  path: Assets/Scenes/TestScene/Lightmap-21_comp_dir.png
  artifactKey: Guid(0542aa5ddf157da46a121bb3f453bca8) Importer(815301076,1909f56bfc062723c751e8b465ee728b)
Start importing Assets/Scenes/TestScene/Lightmap-21_comp_dir.png using Guid(0542aa5ddf157da46a121bb3f453bca8) Importer(815301076,1909f56bfc062723c751e8b465ee728b)  -> (artifact id: '080622be6fd758d4ad7ad33bcde25e91') in 0.008986 seconds
  Import took 0.010823 seconds .

========================================================================
Received Import Request.
  Time since last request: 0.000154 seconds.
  path: Assets/Scenes/TestScene/Lightmap-15_comp_light.exr
  artifactKey: Guid(518c893f8ee528a428805f9ed1ce54f0) Importer(815301076,1909f56bfc062723c751e8b465ee728b)
Start importing Assets/Scenes/TestScene/Lightmap-15_comp_light.exr using Guid(518c893f8ee528a428805f9ed1ce54f0) Importer(815301076,1909f56bfc062723c751e8b465ee728b)  -> (artifact id: '8982dc54cae051491948de9778f5d163') in 0.011339 seconds
  Import took 0.013205 seconds .

========================================================================
Received Import Request.
  Time since last request: 0.000151 seconds.
  path: Assets/Scenes/TestScene/Lightmap-17_comp_dir.png
  artifactKey: Guid(1d4842f6ad2f8ed419b06c7ce00b6d58) Importer(815301076,1909f56bfc062723c751e8b465ee728b)
Start importing Assets/Scenes/TestScene/Lightmap-17_comp_dir.png using Guid(1d4842f6ad2f8ed419b06c7ce00b6d58) Importer(815301076,1909f56bfc062723c751e8b465ee728b)  -> (artifact id: '98feaf3edf338973310a1b8bf858fbf3') in 0.008010 seconds
  Import took 0.009776 seconds .

========================================================================
Received Import Request.
  Time since last request: 0.000217 seconds.
  path: Assets/Scenes/TestScene/Lightmap-1_comp_light.exr
  artifactKey: Guid(c15983805b5e01a4584a51b37e5108cc) Importer(815301076,1909f56bfc062723c751e8b465ee728b)
Start importing Assets/Scenes/TestScene/Lightmap-1_comp_light.exr using Guid(c15983805b5e01a4584a51b37e5108cc) Importer(815301076,1909f56bfc062723c751e8b465ee728b)  -> (artifact id: '8981e5412238f9113dd0b801a134421c') in 0.012850 seconds
  Import took 0.014682 seconds .

========================================================================
Received Import Request.
  Time since last request: 0.000212 seconds.
  path: Assets/Scenes/TestScene/Lightmap-31_comp_dir.png
  artifactKey: Guid(090ab7adc6c0b2c4596369dccd9b6c2e) Importer(815301076,1909f56bfc062723c751e8b465ee728b)
Start importing Assets/Scenes/TestScene/Lightmap-31_comp_dir.png using Guid(090ab7adc6c0b2c4596369dccd9b6c2e) Importer(815301076,1909f56bfc062723c751e8b465ee728b)  -> (artifact id: '8f48f3147aa9144094f44870e5e80423') in 0.008634 seconds
  Import took 0.011244 seconds .

========================================================================
Received Import Request.
  Time since last request: 0.000181 seconds.
  path: Assets/Scenes/TestScene/Lightmap-13_comp_dir.png
  artifactKey: Guid(6c31b411383eb2c41a009d93b8a77010) Importer(815301076,1909f56bfc062723c751e8b465ee728b)
Start importing Assets/Scenes/TestScene/Lightmap-13_comp_dir.png using Guid(6c31b411383eb2c41a009d93b8a77010) Importer(815301076,1909f56bfc062723c751e8b465ee728b)  -> (artifact id: '675c76478e9af4f70146442c74031e2a') in 0.009805 seconds
  Import took 0.012143 seconds .

========================================================================
Received Import Request.
  Time since last request: 0.000228 seconds.
  path: Assets/Scenes/TestScene/Lightmap-1_comp_dir.png
  artifactKey: Guid(cc928d6ba80fb1a4e810389e6e676ead) Importer(815301076,1909f56bfc062723c751e8b465ee728b)
Start importing Assets/Scenes/TestScene/Lightmap-1_comp_dir.png using Guid(cc928d6ba80fb1a4e810389e6e676ead) Importer(815301076,1909f56bfc062723c751e8b465ee728b)  -> (artifact id: 'a037d531b9b528ccb3c9bf2df88e9dfb') in 0.008143 seconds
  Import took 0.010194 seconds .

========================================================================
Received Import Request.
  Time since last request: 0.000194 seconds.
  path: Assets/Scenes/TestScene/Lightmap-9_comp_light.exr
  artifactKey: Guid(c6290492090a77f4c922daed6811eaf2) Importer(815301076,1909f56bfc062723c751e8b465ee728b)
Start importing Assets/Scenes/TestScene/Lightmap-9_comp_light.exr using Guid(c6290492090a77f4c922daed6811eaf2) Importer(815301076,1909f56bfc062723c751e8b465ee728b)  -> (artifact id: '5766125503056200a9b36518c3de578d') in 0.008051 seconds
  Import took 0.009927 seconds .

========================================================================
Received Import Request.
  Time since last request: 0.000153 seconds.
  path: Assets/Scenes/TestScene/Lightmap-20_comp_dir.png
  artifactKey: Guid(823fcec833067234e99004bb5d7083a4) Importer(815301076,1909f56bfc062723c751e8b465ee728b)
Start importing Assets/Scenes/TestScene/Lightmap-20_comp_dir.png using Guid(823fcec833067234e99004bb5d7083a4) Importer(815301076,1909f56bfc062723c751e8b465ee728b)  -> (artifact id: '9accab1f2bda039bff310bc1d40f8438') in 0.011849 seconds
  Import took 0.013911 seconds .

========================================================================
Received Import Request.
  Time since last request: 0.000191 seconds.
  path: Assets/Scenes/TestScene/Lightmap-12_comp_light.exr
  artifactKey: Guid(6906dfb366c79cb48a9910a3bbd68894) Importer(815301076,1909f56bfc062723c751e8b465ee728b)
Start importing Assets/Scenes/TestScene/Lightmap-12_comp_light.exr using Guid(6906dfb366c79cb48a9910a3bbd68894) Importer(815301076,1909f56bfc062723c751e8b465ee728b)  -> (artifact id: 'a73358608c25e651be8590a1a8922e47') in 0.009246 seconds
  Import took 0.011976 seconds .

========================================================================
Received Import Request.
  Time since last request: 0.000286 seconds.
  path: Assets/Scenes/TestScene/Lightmap-13_comp_light.exr
  artifactKey: Guid(c6e1b347d3748a145b0b56f8e033f456) Importer(815301076,1909f56bfc062723c751e8b465ee728b)
Start importing Assets/Scenes/TestScene/Lightmap-13_comp_light.exr using Guid(c6e1b347d3748a145b0b56f8e033f456) Importer(815301076,1909f56bfc062723c751e8b465ee728b)  -> (artifact id: '87a71c0be6c17523f97f52a99934a7d7') in 0.011728 seconds
  Import took 0.014186 seconds .

========================================================================
Received Import Request.
  Time since last request: 0.000214 seconds.
  path: Assets/Scenes/TestScene/Lightmap-14_comp_light.exr
  artifactKey: Guid(bdde5177634909a468fe3f0812e610a6) Importer(815301076,1909f56bfc062723c751e8b465ee728b)
Start importing Assets/Scenes/TestScene/Lightmap-14_comp_light.exr using Guid(bdde5177634909a468fe3f0812e610a6) Importer(815301076,1909f56bfc062723c751e8b465ee728b)  -> (artifact id: 'd628f694325da011d28944832de91cea') in 0.011882 seconds
  Import took 0.013765 seconds .

========================================================================
Received Import Request.
  Time since last request: 0.000248 seconds.
  path: Assets/Scenes/TestScene/Lightmap-7_comp_dir.png
  artifactKey: Guid(2c744ed8e908c3b4eac5c3413fd3f2d2) Importer(815301076,1909f56bfc062723c751e8b465ee728b)
Start importing Assets/Scenes/TestScene/Lightmap-7_comp_dir.png using Guid(2c744ed8e908c3b4eac5c3413fd3f2d2) Importer(815301076,1909f56bfc062723c751e8b465ee728b)  -> (artifact id: '7d9b8d618ed4f9e156a921fcda47ca09') in 0.009797 seconds
  Import took 0.011584 seconds .

========================================================================
Received Import Request.
  Time since last request: 0.000157 seconds.
  path: Assets/Scenes/TestScene/LightingData.asset
  artifactKey: Guid(b1ffba6465744e74db0792b7c55bc4df) Importer(815301076,1909f56bfc062723c751e8b465ee728b)
Start importing Assets/Scenes/TestScene/LightingData.asset using Guid(b1ffba6465744e74db0792b7c55bc4df) Importer(815301076,1909f56bfc062723c751e8b465ee728b)  -> (artifact id: 'f3f4fa314a56cad16b1be5fa0fd91156') in 0.003171 seconds
  Import took 0.005137 seconds .

========================================================================
Received Import Request.
  Time since last request: 0.000166 seconds.
  path: Assets/Scenes/TestScene/Lightmap-10_comp_light.exr
  artifactKey: Guid(6c2041ad69dcee64f8ac1028d3e34558) Importer(815301076,1909f56bfc062723c751e8b465ee728b)
Start importing Assets/Scenes/TestScene/Lightmap-10_comp_light.exr using Guid(6c2041ad69dcee64f8ac1028d3e34558) Importer(815301076,1909f56bfc062723c751e8b465ee728b)  -> (artifact id: '2411029ffb9edbda651923cbb083c860') in 0.016358 seconds
  Import took 0.018155 seconds .

========================================================================
Received Import Request.
  Time since last request: 0.000174 seconds.
  path: Assets/Scenes/TestScene/Lightmap-16_comp_dir.png
  artifactKey: Guid(679eeb55f590d38409f9bb339d874b3c) Importer(815301076,1909f56bfc062723c751e8b465ee728b)
Start importing Assets/Scenes/TestScene/Lightmap-16_comp_dir.png using Guid(679eeb55f590d38409f9bb339d874b3c) Importer(815301076,1909f56bfc062723c751e8b465ee728b)  -> (artifact id: 'b0a16ab190cf1101a7e887d63fb6ab69') in 0.013333 seconds
  Import took 0.015622 seconds .

========================================================================
Received Import Request.
  Time since last request: 0.000245 seconds.
  path: Assets/Scenes/TestScene/Lightmap-29_comp_light.exr
  artifactKey: Guid(cf70bba0c53ed714492301ece7c5933a) Importer(815301076,1909f56bfc062723c751e8b465ee728b)
Start importing Assets/Scenes/TestScene/Lightmap-29_comp_light.exr using Guid(cf70bba0c53ed714492301ece7c5933a) Importer(815301076,1909f56bfc062723c751e8b465ee728b)  -> (artifact id: 'a5c650b2870e5a44a2a694815522ffd8') in 0.008616 seconds
  Import took 0.010924 seconds .

========================================================================
Received Import Request.
  Time since last request: 0.000156 seconds.
  path: Assets/Scenes/TestScene/Lightmap-25_comp_dir.png
  artifactKey: Guid(4cf919b8a6245c346893c41341c633f3) Importer(815301076,1909f56bfc062723c751e8b465ee728b)
Start importing Assets/Scenes/TestScene/Lightmap-25_comp_dir.png using Guid(4cf919b8a6245c346893c41341c633f3) Importer(815301076,1909f56bfc062723c751e8b465ee728b)  -> (artifact id: '2994f754a990f77443da946de813008f') in 0.008476 seconds
  Import took 0.010487 seconds .

========================================================================
Received Import Request.
  Time since last request: 0.000190 seconds.
  path: Assets/Scenes/TestScene/Lightmap-26_comp_light.exr
  artifactKey: Guid(592fc88282f515842ab7ab8d5fff5b6b) Importer(815301076,1909f56bfc062723c751e8b465ee728b)
Start importing Assets/Scenes/TestScene/Lightmap-26_comp_light.exr using Guid(592fc88282f515842ab7ab8d5fff5b6b) Importer(815301076,1909f56bfc062723c751e8b465ee728b)  -> (artifact id: '10c2f0aca2343c572f191d788ff9d90f') in 0.010015 seconds
  Import took 0.011766 seconds .

========================================================================
Received Import Request.
  Time since last request: 0.000203 seconds.
  path: Assets/Scenes/TestScene/Lightmap-28_comp_dir.png
  artifactKey: Guid(deed50d0dc8ca3e4eb014b4f71e065b7) Importer(815301076,1909f56bfc062723c751e8b465ee728b)
Start importing Assets/Scenes/TestScene/Lightmap-28_comp_dir.png using Guid(deed50d0dc8ca3e4eb014b4f71e065b7) Importer(815301076,1909f56bfc062723c751e8b465ee728b)  -> (artifact id: 'ef64339fccfdbd01d2fedaaf97345364') in 0.008217 seconds
  Import took 0.010081 seconds .

========================================================================
Received Import Request.
  Time since last request: 0.000147 seconds.
  path: Assets/Scenes/TestScene/Lightmap-30_comp_dir.png
  artifactKey: Guid(db699b2cd00351d409e5fab8f999a84f) Importer(815301076,1909f56bfc062723c751e8b465ee728b)
Start importing Assets/Scenes/TestScene/Lightmap-30_comp_dir.png using Guid(db699b2cd00351d409e5fab8f999a84f) Importer(815301076,1909f56bfc062723c751e8b465ee728b)  -> (artifact id: '616ac297ffebb0b093043965a0a37394') in 0.008226 seconds
  Import took 0.010166 seconds .

========================================================================
Received Import Request.
  Time since last request: 0.000167 seconds.
  path: Assets/Scenes/TestScene/Lightmap-17_comp_light.exr
  artifactKey: Guid(ff60e6225cd40a147871577a3a58a7c0) Importer(815301076,1909f56bfc062723c751e8b465ee728b)
Start importing Assets/Scenes/TestScene/Lightmap-17_comp_light.exr using Guid(ff60e6225cd40a147871577a3a58a7c0) Importer(815301076,1909f56bfc062723c751e8b465ee728b)  -> (artifact id: '2ed439e992d7f13dfe836d2b5ffab6b9') in 0.009455 seconds
  Import took 0.011811 seconds .

========================================================================
Received Import Request.
  Time since last request: 0.000157 seconds.
  path: Assets/Scenes/TestScene/Lightmap-20_comp_light.exr
  artifactKey: Guid(2f37d4a32328665479bcea0550d8deed) Importer(815301076,1909f56bfc062723c751e8b465ee728b)
Start importing Assets/Scenes/TestScene/Lightmap-20_comp_light.exr using Guid(2f37d4a32328665479bcea0550d8deed) Importer(815301076,1909f56bfc062723c751e8b465ee728b)  -> (artifact id: '64af405a152b909842f040fbd596eb8d') in 0.008855 seconds
  Import took 0.010715 seconds .

========================================================================
Received Import Request.
  Time since last request: 0.000188 seconds.
  path: Assets/Scenes/TestScene/Lightmap-4_comp_light.exr
  artifactKey: Guid(6798162c29e425d4fa0bea016ca423ae) Importer(815301076,1909f56bfc062723c751e8b465ee728b)
Start importing Assets/Scenes/TestScene/Lightmap-4_comp_light.exr using Guid(6798162c29e425d4fa0bea016ca423ae) Importer(815301076,1909f56bfc062723c751e8b465ee728b)  -> (artifact id: '129710a43a61b2aa70975babe015a6ff') in 0.007289 seconds
  Import took 0.009019 seconds .

========================================================================
Received Import Request.
  Time since last request: 0.000186 seconds.
  path: Assets/Scenes/TestScene/Lightmap-15_comp_dir.png
  artifactKey: Guid(20e665fdd2fe45649bb3906bfcc70c66) Importer(815301076,1909f56bfc062723c751e8b465ee728b)
Start importing Assets/Scenes/TestScene/Lightmap-15_comp_dir.png using Guid(20e665fdd2fe45649bb3906bfcc70c66) Importer(815301076,1909f56bfc062723c751e8b465ee728b)  -> (artifact id: 'da22bf22db29db04ae23ff33b30a39a2') in 0.007789 seconds
  Import took 0.009950 seconds .

========================================================================
Received Import Request.
  Time since last request: 0.000183 seconds.
  path: Assets/Scenes/TestScene/Lightmap-9_comp_dir.png
  artifactKey: Guid(c2f1fa75f2cf348418cccdd89e2f1257) Importer(815301076,1909f56bfc062723c751e8b465ee728b)
Start importing Assets/Scenes/TestScene/Lightmap-9_comp_dir.png using Guid(c2f1fa75f2cf348418cccdd89e2f1257) Importer(815301076,1909f56bfc062723c751e8b465ee728b)  -> (artifact id: '3c78f62d29dfd43872a7e58f5271be82') in 0.008497 seconds
  Import took 0.010458 seconds .

========================================================================
Received Import Request.
  Time since last request: 0.000195 seconds.
  path: Assets/Scenes/TestScene/Lightmap-26_comp_dir.png
  artifactKey: Guid(3fd4bca2dc741ce4c80981bdcca177d9) Importer(815301076,1909f56bfc062723c751e8b465ee728b)
Start importing Assets/Scenes/TestScene/Lightmap-26_comp_dir.png using Guid(3fd4bca2dc741ce4c80981bdcca177d9) Importer(815301076,1909f56bfc062723c751e8b465ee728b)  -> (artifact id: '9a0deacd4a6f0f5baea9f5dbfeff1061') in 0.007479 seconds
  Import took 0.009821 seconds .

========================================================================
Received Import Request.
  Time since last request: 0.000204 seconds.
  path: Assets/Scenes/TestScene/ReflectionProbe-0.exr
  artifactKey: Guid(346d65bbb2d91474b892d2867fd9e14b) Importer(815301076,1909f56bfc062723c751e8b465ee728b)
Start importing Assets/Scenes/TestScene/ReflectionProbe-0.exr using Guid(346d65bbb2d91474b892d2867fd9e14b) Importer(815301076,1909f56bfc062723c751e8b465ee728b)  -> (artifact id: 'b9c746dd725d8820aaeab8e2a44f5780') in 0.029450 seconds
  Import took 0.031613 seconds .

========================================================================
Received Import Request.
  Time since last request: 0.000150 seconds.
  path: Assets/Scenes/TestScene/Lightmap-18_comp_light.exr
  artifactKey: Guid(2a1547bcec7e46946a171429ca07615f) Importer(815301076,1909f56bfc062723c751e8b465ee728b)
Start importing Assets/Scenes/TestScene/Lightmap-18_comp_light.exr using Guid(2a1547bcec7e46946a171429ca07615f) Importer(815301076,1909f56bfc062723c751e8b465ee728b)  -> (artifact id: '30e81d720c94e69a0df36737f03bc1ab') in 0.008443 seconds
  Import took 0.010301 seconds .

========================================================================
Received Import Request.
  Time since last request: 0.000169 seconds.
  path: Assets/Scenes/TestScene/Lightmap-25_comp_light.exr
  artifactKey: Guid(bc94636d25e3c274c82d658c27c77e6c) Importer(815301076,1909f56bfc062723c751e8b465ee728b)
Start importing Assets/Scenes/TestScene/Lightmap-25_comp_light.exr using Guid(bc94636d25e3c274c82d658c27c77e6c) Importer(815301076,1909f56bfc062723c751e8b465ee728b)  -> (artifact id: 'd9253deb788e500065da98fb930c408f') in 0.007577 seconds
  Import took 0.009402 seconds .

========================================================================
Received Import Request.
  Time since last request: 0.000225 seconds.
  path: Assets/Scenes/TestScene/Lightmap-6_comp_light.exr
  artifactKey: Guid(cf9de52a677046b458b540b753ff39c2) Importer(815301076,1909f56bfc062723c751e8b465ee728b)
Start importing Assets/Scenes/TestScene/Lightmap-6_comp_light.exr using Guid(cf9de52a677046b458b540b753ff39c2) Importer(815301076,1909f56bfc062723c751e8b465ee728b)  -> (artifact id: 'a3d03d748965e1beaa93cf1ce848951c') in 0.008037 seconds
  Import took 0.010471 seconds .

========================================================================
Received Import Request.
  Time since last request: 0.000235 seconds.
  path: Assets/Scenes/TestScene/Lightmap-7_comp_light.exr
  artifactKey: Guid(634ae6127cb042f4483345917f493192) Importer(815301076,1909f56bfc062723c751e8b465ee728b)
Start importing Assets/Scenes/TestScene/Lightmap-7_comp_light.exr using Guid(634ae6127cb042f4483345917f493192) Importer(815301076,1909f56bfc062723c751e8b465ee728b)  -> (artifact id: 'dadc1b2964a7a14d6b804b40b2ce4b2e') in 0.007717 seconds
  Import took 0.009558 seconds .

========================================================================
Received Import Request.
  Time since last request: 0.000168 seconds.
  path: Assets/Scenes/TestScene/Lightmap-2_comp_dir.png
  artifactKey: Guid(61043512b6a4c524b9ce7fd4d72f67f5) Importer(815301076,1909f56bfc062723c751e8b465ee728b)
Start importing Assets/Scenes/TestScene/Lightmap-2_comp_dir.png using Guid(61043512b6a4c524b9ce7fd4d72f67f5) Importer(815301076,1909f56bfc062723c751e8b465ee728b)  -> (artifact id: 'd6a73d8807d8c359d588f65c7ece966b') in 0.007982 seconds
  Import took 0.010356 seconds .

========================================================================
Received Import Request.
  Time since last request: 0.000206 seconds.
  path: Assets/Scenes/TestScene/Lightmap-24_comp_light.exr
  artifactKey: Guid(354b50bddaa69864b82d27da30d1c0d5) Importer(815301076,1909f56bfc062723c751e8b465ee728b)
Start importing Assets/Scenes/TestScene/Lightmap-24_comp_light.exr using Guid(354b50bddaa69864b82d27da30d1c0d5) Importer(815301076,1909f56bfc062723c751e8b465ee728b)  -> (artifact id: 'abb3a899d53d88097101f3658d31c089') in 0.009644 seconds
  Import took 0.011753 seconds .

========================================================================
Received Import Request.
  Time since last request: 0.000239 seconds.
  path: Assets/Scenes/TestScene/Lightmap-11_comp_dir.png
  artifactKey: Guid(007ecb889f13fe443bab487e3ab3d14d) Importer(815301076,1909f56bfc062723c751e8b465ee728b)
Start importing Assets/Scenes/TestScene/Lightmap-11_comp_dir.png using Guid(007ecb889f13fe443bab487e3ab3d14d) Importer(815301076,1909f56bfc062723c751e8b465ee728b)  -> (artifact id: '08f3a33f04efdc68c26fc8bde21583d1') in 0.008183 seconds
  Import took 0.010352 seconds .

========================================================================
Received Import Request.
  Time since last request: 0.000234 seconds.
  path: Assets/Scenes/TestScene/Lightmap-5_comp_dir.png
  artifactKey: Guid(d30b58ede190e0148a0c946cbf841ae0) Importer(815301076,1909f56bfc062723c751e8b465ee728b)
Start importing Assets/Scenes/TestScene/Lightmap-5_comp_dir.png using Guid(d30b58ede190e0148a0c946cbf841ae0) Importer(815301076,1909f56bfc062723c751e8b465ee728b)  -> (artifact id: '83aa4c092f40119ac7fc0c59ee465bf9') in 0.008072 seconds
  Import took 0.009996 seconds .

========================================================================
Received Import Request.
  Time since last request: 0.000172 seconds.
  path: Assets/Scenes/TestScene/Lightmap-5_comp_light.exr
  artifactKey: Guid(1a11e290245c51b428695ceac266b155) Importer(815301076,1909f56bfc062723c751e8b465ee728b)
Start importing Assets/Scenes/TestScene/Lightmap-5_comp_light.exr using Guid(1a11e290245c51b428695ceac266b155) Importer(815301076,1909f56bfc062723c751e8b465ee728b)  -> (artifact id: 'd549939c0962b6ad50b0225388cfea5e') in 0.007966 seconds
  Import took 0.010072 seconds .

========================================================================
Received Import Request.
  Time since last request: 0.000185 seconds.
  path: Assets/Scenes/TestScene/Lightmap-16_comp_light.exr
  artifactKey: Guid(1fc6bb8805e2c0041a7dbc4a838f0e5d) Importer(815301076,1909f56bfc062723c751e8b465ee728b)
Start importing Assets/Scenes/TestScene/Lightmap-16_comp_light.exr using Guid(1fc6bb8805e2c0041a7dbc4a838f0e5d) Importer(815301076,1909f56bfc062723c751e8b465ee728b)  -> (artifact id: 'd81abb5c4c4368a56ef568c5e5f5ed83') in 0.008894 seconds
  Import took 0.010847 seconds .

========================================================================
Received Import Request.
  Time since last request: 0.000238 seconds.
  path: Assets/Scenes/TestScene/Lightmap-28_comp_light.exr
  artifactKey: Guid(b98f970dad9bcc442a30a78fa84a2187) Importer(815301076,1909f56bfc062723c751e8b465ee728b)
Start importing Assets/Scenes/TestScene/Lightmap-28_comp_light.exr using Guid(b98f970dad9bcc442a30a78fa84a2187) Importer(815301076,1909f56bfc062723c751e8b465ee728b)  -> (artifact id: '9dd28ebaa5818899195f3628f0101d85') in 0.007536 seconds
  Import took 0.009549 seconds .

========================================================================
Received Import Request.
  Time since last request: 0.000223 seconds.
  path: Assets/Scenes/TestScene/Lightmap-24_comp_dir.png
  artifactKey: Guid(098c314134c4dfc4499eb735765f35ae) Importer(815301076,1909f56bfc062723c751e8b465ee728b)
Start importing Assets/Scenes/TestScene/Lightmap-24_comp_dir.png using Guid(098c314134c4dfc4499eb735765f35ae) Importer(815301076,1909f56bfc062723c751e8b465ee728b)  -> (artifact id: '07f612517762345543bbb14d785a7690') in 0.008164 seconds
  Import took 0.010351 seconds .

========================================================================
Received Import Request.
  Time since last request: 0.000157 seconds.
  path: Assets/Scenes/TestScene/Lightmap-30_comp_light.exr
  artifactKey: Guid(ce5d2eca199040a43a56cad93eff2fa3) Importer(815301076,1909f56bfc062723c751e8b465ee728b)
Start importing Assets/Scenes/TestScene/Lightmap-30_comp_light.exr using Guid(ce5d2eca199040a43a56cad93eff2fa3) Importer(815301076,1909f56bfc062723c751e8b465ee728b)  -> (artifact id: '8389d18efb9a5bebe293194d6ff23f7e') in 0.007455 seconds
  Import took 0.009228 seconds .

========================================================================
Received Import Request.
  Time since last request: 0.000203 seconds.
  path: Assets/Scenes/TestScene/Lightmap-4_comp_dir.png
  artifactKey: Guid(025b9738adea7244887dd5d1c84a9f46) Importer(815301076,1909f56bfc062723c751e8b465ee728b)
Start importing Assets/Scenes/TestScene/Lightmap-4_comp_dir.png using Guid(025b9738adea7244887dd5d1c84a9f46) Importer(815301076,1909f56bfc062723c751e8b465ee728b)  -> (artifact id: '9647a802b28fe94d4e3b44ce27b61430') in 0.008913 seconds
  Import took 0.010757 seconds .

========================================================================
Received Import Request.
  Time since last request: 0.000161 seconds.
  path: Assets/Scenes/TestScene/Lightmap-3_comp_light.exr
  artifactKey: Guid(c2c581b4effe8b34791684fa4044c92a) Importer(815301076,1909f56bfc062723c751e8b465ee728b)
Start importing Assets/Scenes/TestScene/Lightmap-3_comp_light.exr using Guid(c2c581b4effe8b34791684fa4044c92a) Importer(815301076,1909f56bfc062723c751e8b465ee728b)  -> (artifact id: '8555d2e126e577bd7fec12d3ffc37370') in 0.008389 seconds
  Import took 0.010876 seconds .

========================================================================
Received Import Request.
  Time since last request: 0.000222 seconds.
  path: Assets/Scenes/TestScene/Lightmap-19_comp_light.exr
  artifactKey: Guid(83b96fa6c6c713247995a30207f5d034) Importer(815301076,1909f56bfc062723c751e8b465ee728b)
Start importing Assets/Scenes/TestScene/Lightmap-19_comp_light.exr using Guid(83b96fa6c6c713247995a30207f5d034) Importer(815301076,1909f56bfc062723c751e8b465ee728b)  -> (artifact id: 'eeb1e25c178546529effd8976b6af4bb') in 0.007428 seconds
  Import took 0.009232 seconds .

========================================================================
Received Import Request.
  Time since last request: 0.000158 seconds.
  path: Assets/Scenes/TestScene/Lightmap-27_comp_light.exr
  artifactKey: Guid(ccb79ebbc30ceea468483f12e82927fb) Importer(815301076,1909f56bfc062723c751e8b465ee728b)
Start importing Assets/Scenes/TestScene/Lightmap-27_comp_light.exr using Guid(ccb79ebbc30ceea468483f12e82927fb) Importer(815301076,1909f56bfc062723c751e8b465ee728b)  -> (artifact id: '69b70f2d7960d5034d793919b4fc6aa9') in 0.008377 seconds
  Import took 0.010162 seconds .

========================================================================
Received Import Request.
  Time since last request: 0.000183 seconds.
  path: Assets/Scenes/TestScene/Lightmap-0_comp_dir.png
  artifactKey: Guid(b4c2bde1a09558e4cbfbacd3f480f66e) Importer(815301076,1909f56bfc062723c751e8b465ee728b)
Start importing Assets/Scenes/TestScene/Lightmap-0_comp_dir.png using Guid(b4c2bde1a09558e4cbfbacd3f480f66e) Importer(815301076,1909f56bfc062723c751e8b465ee728b)  -> (artifact id: '02b82fc54baadeccb5e250898e7e2a90') in 0.008825 seconds
  Import took 0.010935 seconds .

========================================================================
Received Import Request.
  Time since last request: 0.000168 seconds.
  path: Assets/Scenes/TestScene/Lightmap-11_comp_light.exr
  artifactKey: Guid(683ef24714c3f5a4991f25b5500d96e8) Importer(815301076,1909f56bfc062723c751e8b465ee728b)
Start importing Assets/Scenes/TestScene/Lightmap-11_comp_light.exr using Guid(683ef24714c3f5a4991f25b5500d96e8) Importer(815301076,1909f56bfc062723c751e8b465ee728b)  -> (artifact id: '1fdb9bc446106c5b5185354ed77fa055') in 0.007643 seconds
  Import took 0.009506 seconds .

========================================================================
Received Import Request.
  Time since last request: 0.000153 seconds.
  path: Assets/Scenes/TestScene/Lightmap-29_comp_dir.png
  artifactKey: Guid(01b802c798bd40346bac0fa1401084cc) Importer(815301076,1909f56bfc062723c751e8b465ee728b)
Start importing Assets/Scenes/TestScene/Lightmap-29_comp_dir.png using Guid(01b802c798bd40346bac0fa1401084cc) Importer(815301076,1909f56bfc062723c751e8b465ee728b)  -> (artifact id: 'd7d5e98e3498cf85cfe18235412f8c31') in 0.008955 seconds
  Import took 0.010765 seconds .

========================================================================
Received Import Request.
  Time since last request: 0.000171 seconds.
  path: Assets/Scenes/TestScene/Lightmap-22_comp_light.exr
  artifactKey: Guid(0f69c3e1d8a4e65459cc654a356c7c36) Importer(815301076,1909f56bfc062723c751e8b465ee728b)
Start importing Assets/Scenes/TestScene/Lightmap-22_comp_light.exr using Guid(0f69c3e1d8a4e65459cc654a356c7c36) Importer(815301076,1909f56bfc062723c751e8b465ee728b)  -> (artifact id: '0cc6f97c3ba2677bd56ef5f7734c7b28') in 0.007569 seconds
  Import took 0.009362 seconds .

========================================================================
Received Import Request.
  Time since last request: 0.000176 seconds.
  path: Assets/Scenes/TestScene/Lightmap-8_comp_light.exr
  artifactKey: Guid(6817cc925f4230f449aa08c7171103cf) Importer(815301076,1909f56bfc062723c751e8b465ee728b)
Start importing Assets/Scenes/TestScene/Lightmap-8_comp_light.exr using Guid(6817cc925f4230f449aa08c7171103cf) Importer(815301076,1909f56bfc062723c751e8b465ee728b)  -> (artifact id: 'e12c69e688008612f0e3b631287ddfc4') in 0.008634 seconds
  Import took 0.010432 seconds .

========================================================================
Received Import Request.
  Time since last request: 0.000150 seconds.
  path: Assets/Scenes/TestScene/Lightmap-10_comp_dir.png
  artifactKey: Guid(6b1be60b622d04441bccca3eb87f0a18) Importer(815301076,1909f56bfc062723c751e8b465ee728b)
Start importing Assets/Scenes/TestScene/Lightmap-10_comp_dir.png using Guid(6b1be60b622d04441bccca3eb87f0a18) Importer(815301076,1909f56bfc062723c751e8b465ee728b)  -> (artifact id: '1d3813f265a055070b6aea11c55b13fa') in 0.008134 seconds
  Import took 0.010828 seconds .

========================================================================
Received Import Request.
  Time since last request: 0.000200 seconds.
  path: Assets/Scenes/TestScene/Lightmap-31_comp_light.exr
  artifactKey: Guid(ab2b7de5d6849ed4aa316d05d73ec25b) Importer(815301076,1909f56bfc062723c751e8b465ee728b)
Start importing Assets/Scenes/TestScene/Lightmap-31_comp_light.exr using Guid(ab2b7de5d6849ed4aa316d05d73ec25b) Importer(815301076,1909f56bfc062723c751e8b465ee728b)  -> (artifact id: 'c607ef573db6860e7476d347f251a881') in 0.008169 seconds
  Import took 0.010149 seconds .

========================================================================
Received Import Request.
  Time since last request: 0.000153 seconds.
  path: Assets/Scenes/TestScene/Lightmap-12_comp_dir.png
  artifactKey: Guid(8009c240c5ebca84dbb150479afd6655) Importer(815301076,1909f56bfc062723c751e8b465ee728b)
Start importing Assets/Scenes/TestScene/Lightmap-12_comp_dir.png using Guid(8009c240c5ebca84dbb150479afd6655) Importer(815301076,1909f56bfc062723c751e8b465ee728b)  -> (artifact id: 'c287958ecea67a5f935f4b691136f987') in 0.008402 seconds
  Import took 0.010529 seconds .

========================================================================
Received Prepare
Refreshing native plugins compatible for Editor in 1.11 ms, found 0 plugins.
Preloading 0 native plugins for Editor in 0.00 ms.
Unloading 5 Unused Serialized files (Serialized files now loaded: 0)
System memory in use before: 66.8 MB.
System memory in use after: 66.5 MB.

Unloading 5 unused Assets to reduce memory usage. Loaded Objects now: 1764.
Total: 9.688000 ms (FindLiveObjects: 0.299100 ms CreateObjectMapping: 0.039700 ms MarkObjects: 8.910900 ms  DeleteObjects: 0.436200 ms)

========================================================================
Received Import Request.
  Time since last request: 1096.066161 seconds.
  path: Assets/Scenes/TestScene/LightingData.asset
  artifactKey: Guid(b1ffba6465744e74db0792b7c55bc4df) Importer(815301076,1909f56bfc062723c751e8b465ee728b)
Start importing Assets/Scenes/TestScene/LightingData.asset using Guid(b1ffba6465744e74db0792b7c55bc4df) Importer(815301076,1909f56bfc062723c751e8b465ee728b)  -> (artifact id: '36230e3b3e759e6654c0292692543746') in 0.019506 seconds
  Import took 0.022539 seconds .

========================================================================
Received Import Request.
  Time since last request: 0.000180 seconds.
  path: Assets/Scenes/TestScene/Lightmap-3_comp_dir.png
  artifactKey: Guid(5df7dd16e9fa98846b07464932db4f07) Importer(815301076,1909f56bfc062723c751e8b465ee728b)
Start importing Assets/Scenes/TestScene/Lightmap-3_comp_dir.png using Guid(5df7dd16e9fa98846b07464932db4f07) Importer(815301076,1909f56bfc062723c751e8b465ee728b)  -> (artifact id: '22a01e9e73c46421d60d889e417d2f27') in 0.009214 seconds
  Import took 0.011449 seconds .

========================================================================
Received Import Request.
  Time since last request: 0.000265 seconds.
  path: Assets/Scenes/TestScene/Lightmap-2_comp_light.exr
  artifactKey: Guid(44b8e5697216c06428b37cc2ceaf8ada) Importer(815301076,1909f56bfc062723c751e8b465ee728b)
Start importing Assets/Scenes/TestScene/Lightmap-2_comp_light.exr using Guid(44b8e5697216c06428b37cc2ceaf8ada) Importer(815301076,1909f56bfc062723c751e8b465ee728b)  -> (artifact id: '1767df5c2036a4dadca97ba4e9a18390') in 0.007493 seconds
  Import took 0.009683 seconds .

========================================================================
Received Import Request.
  Time since last request: 0.000172 seconds.
  path: Assets/Scenes/TestScene/Lightmap-6_comp_dir.png
  artifactKey: Guid(0abcef7127a41984ebc8b294933b2bb5) Importer(815301076,1909f56bfc062723c751e8b465ee728b)
Start importing Assets/Scenes/TestScene/Lightmap-6_comp_dir.png using Guid(0abcef7127a41984ebc8b294933b2bb5) Importer(815301076,1909f56bfc062723c751e8b465ee728b)  -> (artifact id: 'b8c66dadd7202d62ea73853c36a4d3e2') in 0.008625 seconds
  Import took 0.010717 seconds .

========================================================================
Received Import Request.
  Time since last request: 0.000170 seconds.
  path: Assets/Scenes/TestScene/Lightmap-0_comp_light.exr
  artifactKey: Guid(afb7fbc3b43efe64fbbc0c3c3bdc30bf) Importer(815301076,1909f56bfc062723c751e8b465ee728b)
Start importing Assets/Scenes/TestScene/Lightmap-0_comp_light.exr using Guid(afb7fbc3b43efe64fbbc0c3c3bdc30bf) Importer(815301076,1909f56bfc062723c751e8b465ee728b)  -> (artifact id: '78696580fa0b1eba75d7b626960410c1') in 0.008117 seconds
  Import took 0.010320 seconds .

========================================================================
Received Import Request.
  Time since last request: 0.000179 seconds.
  path: Assets/Scenes/TestScene/Lightmap-8_comp_dir.png
  artifactKey: Guid(c90d7634e6cd1234694186d11800841c) Importer(815301076,1909f56bfc062723c751e8b465ee728b)
Start importing Assets/Scenes/TestScene/Lightmap-8_comp_dir.png using Guid(c90d7634e6cd1234694186d11800841c) Importer(815301076,1909f56bfc062723c751e8b465ee728b)  -> (artifact id: 'd7598b7ddbb9b1cff70cf31565235b2b') in 0.007149 seconds
  Import took 0.010404 seconds .

========================================================================
Received Import Request.
  Time since last request: 0.000195 seconds.
  path: Assets/Scenes/TestScene/Lightmap-1_comp_light.exr
  artifactKey: Guid(c15983805b5e01a4584a51b37e5108cc) Importer(815301076,1909f56bfc062723c751e8b465ee728b)
Start importing Assets/Scenes/TestScene/Lightmap-1_comp_light.exr using Guid(c15983805b5e01a4584a51b37e5108cc) Importer(815301076,1909f56bfc062723c751e8b465ee728b)  -> (artifact id: 'eab187de58ca0faa65f369fe31ebc5f1') in 0.008356 seconds
  Import took 0.011478 seconds .

========================================================================
Received Import Request.
  Time since last request: 0.000236 seconds.
  path: Assets/Scenes/TestScene/Lightmap-13_comp_dir.png
  artifactKey: Guid(6c31b411383eb2c41a009d93b8a77010) Importer(815301076,1909f56bfc062723c751e8b465ee728b)
Start importing Assets/Scenes/TestScene/Lightmap-13_comp_dir.png using Guid(6c31b411383eb2c41a009d93b8a77010) Importer(815301076,1909f56bfc062723c751e8b465ee728b)  -> (artifact id: '7a4d984705e82a57037a8afb2173e40b') in 0.009290 seconds
  Import took 0.011680 seconds .

========================================================================
Received Import Request.
  Time since last request: 0.000165 seconds.
  path: Assets/Scenes/TestScene/Lightmap-1_comp_dir.png
  artifactKey: Guid(cc928d6ba80fb1a4e810389e6e676ead) Importer(815301076,1909f56bfc062723c751e8b465ee728b)
Start importing Assets/Scenes/TestScene/Lightmap-1_comp_dir.png using Guid(cc928d6ba80fb1a4e810389e6e676ead) Importer(815301076,1909f56bfc062723c751e8b465ee728b)  -> (artifact id: '50ca3341d794c0935be52e5ad2521f60') in 0.009062 seconds
  Import took 0.011077 seconds .

========================================================================
Received Import Request.
  Time since last request: 0.000172 seconds.
  path: Assets/Scenes/TestScene/Lightmap-9_comp_light.exr
  artifactKey: Guid(c6290492090a77f4c922daed6811eaf2) Importer(815301076,1909f56bfc062723c751e8b465ee728b)
Start importing Assets/Scenes/TestScene/Lightmap-9_comp_light.exr using Guid(c6290492090a77f4c922daed6811eaf2) Importer(815301076,1909f56bfc062723c751e8b465ee728b)  -> (artifact id: 'ae6d96c80eebde2d7b25bf7439b00187') in 0.008018 seconds
  Import took 0.012967 seconds .

========================================================================
Received Import Request.
  Time since last request: 0.000175 seconds.
  path: Assets/Scenes/TestScene/Lightmap-12_comp_light.exr
  artifactKey: Guid(6906dfb366c79cb48a9910a3bbd68894) Importer(815301076,1909f56bfc062723c751e8b465ee728b)
Start importing Assets/Scenes/TestScene/Lightmap-12_comp_light.exr using Guid(6906dfb366c79cb48a9910a3bbd68894) Importer(815301076,1909f56bfc062723c751e8b465ee728b)  -> (artifact id: '069a647f32a1cb07a1200f7f2248471f') in 0.007611 seconds
  Import took 0.010052 seconds .

========================================================================
Received Import Request.
  Time since last request: 0.000214 seconds.
  path: Assets/Scenes/TestScene/Lightmap-13_comp_light.exr
  artifactKey: Guid(c6e1b347d3748a145b0b56f8e033f456) Importer(815301076,1909f56bfc062723c751e8b465ee728b)
Start importing Assets/Scenes/TestScene/Lightmap-13_comp_light.exr using Guid(c6e1b347d3748a145b0b56f8e033f456) Importer(815301076,1909f56bfc062723c751e8b465ee728b)  -> (artifact id: '6dc9f0d6e02260f8942fecad0ab3a4ac') in 0.008031 seconds
  Import took 0.010330 seconds .

========================================================================
Received Import Request.
  Time since last request: 0.000174 seconds.
  path: Assets/Scenes/TestScene/Lightmap-7_comp_dir.png
  artifactKey: Guid(2c744ed8e908c3b4eac5c3413fd3f2d2) Importer(815301076,1909f56bfc062723c751e8b465ee728b)
Start importing Assets/Scenes/TestScene/Lightmap-7_comp_dir.png using Guid(2c744ed8e908c3b4eac5c3413fd3f2d2) Importer(815301076,1909f56bfc062723c751e8b465ee728b)  -> (artifact id: '5130fa1079b48a7f1d5f1eefc488dd10') in 0.009029 seconds
  Import took 0.011004 seconds .

========================================================================
Received Import Request.
  Time since last request: 0.000163 seconds.
  path: Assets/Scenes/TestScene/Lightmap-10_comp_light.exr
  artifactKey: Guid(6c2041ad69dcee64f8ac1028d3e34558) Importer(815301076,1909f56bfc062723c751e8b465ee728b)
Start importing Assets/Scenes/TestScene/Lightmap-10_comp_light.exr using Guid(6c2041ad69dcee64f8ac1028d3e34558) Importer(815301076,1909f56bfc062723c751e8b465ee728b)  -> (artifact id: '3faf7c36d967372350bc37d419b1775c') in 0.008535 seconds
  Import took 0.010532 seconds .

========================================================================
Received Import Request.
  Time since last request: 0.000216 seconds.
  path: Assets/Scenes/TestScene/Lightmap-4_comp_light.exr
  artifactKey: Guid(6798162c29e425d4fa0bea016ca423ae) Importer(815301076,1909f56bfc062723c751e8b465ee728b)
Start importing Assets/Scenes/TestScene/Lightmap-4_comp_light.exr using Guid(6798162c29e425d4fa0bea016ca423ae) Importer(815301076,1909f56bfc062723c751e8b465ee728b)  -> (artifact id: '2e89fd68160998addba4362ec5f9a3dc') in 0.007569 seconds
  Import took 0.010349 seconds .

========================================================================
Received Import Request.
  Time since last request: 0.000186 seconds.
  path: Assets/Scenes/TestScene/Lightmap-9_comp_dir.png
  artifactKey: Guid(c2f1fa75f2cf348418cccdd89e2f1257) Importer(815301076,1909f56bfc062723c751e8b465ee728b)
Start importing Assets/Scenes/TestScene/Lightmap-9_comp_dir.png using Guid(c2f1fa75f2cf348418cccdd89e2f1257) Importer(815301076,1909f56bfc062723c751e8b465ee728b)  -> (artifact id: 'c4c4690d3c0b1c229170c29ea3e7225c') in 0.008410 seconds
  Import took 0.010299 seconds .

========================================================================
Received Import Request.
  Time since last request: 0.000184 seconds.
  path: Assets/Scenes/TestScene/Lightmap-6_comp_light.exr
  artifactKey: Guid(cf9de52a677046b458b540b753ff39c2) Importer(815301076,1909f56bfc062723c751e8b465ee728b)
Start importing Assets/Scenes/TestScene/Lightmap-6_comp_light.exr using Guid(cf9de52a677046b458b540b753ff39c2) Importer(815301076,1909f56bfc062723c751e8b465ee728b)  -> (artifact id: '393e9eb39e6c196681632edac702c805') in 0.008332 seconds
  Import took 0.010300 seconds .

========================================================================
Received Import Request.
  Time since last request: 0.000189 seconds.
  path: Assets/Scenes/TestScene/Lightmap-7_comp_light.exr
  artifactKey: Guid(634ae6127cb042f4483345917f493192) Importer(815301076,1909f56bfc062723c751e8b465ee728b)
Start importing Assets/Scenes/TestScene/Lightmap-7_comp_light.exr using Guid(634ae6127cb042f4483345917f493192) Importer(815301076,1909f56bfc062723c751e8b465ee728b)  -> (artifact id: '9d98a2ee11420a6958d4ee0df6459a7c') in 0.008293 seconds
  Import took 0.010684 seconds .

========================================================================
Received Import Request.
  Time since last request: 0.000178 seconds.
  path: Assets/Scenes/TestScene/Lightmap-2_comp_dir.png
  artifactKey: Guid(61043512b6a4c524b9ce7fd4d72f67f5) Importer(815301076,1909f56bfc062723c751e8b465ee728b)
Start importing Assets/Scenes/TestScene/Lightmap-2_comp_dir.png using Guid(61043512b6a4c524b9ce7fd4d72f67f5) Importer(815301076,1909f56bfc062723c751e8b465ee728b)  -> (artifact id: '66a8305754d0d333ef92edb9e4c22e09') in 0.007871 seconds
  Import took 0.010388 seconds .

========================================================================
Received Import Request.
  Time since last request: 0.000191 seconds.
  path: Assets/Scenes/TestScene/Lightmap-11_comp_dir.png
  artifactKey: Guid(007ecb889f13fe443bab487e3ab3d14d) Importer(815301076,1909f56bfc062723c751e8b465ee728b)
Start importing Assets/Scenes/TestScene/Lightmap-11_comp_dir.png using Guid(007ecb889f13fe443bab487e3ab3d14d) Importer(815301076,1909f56bfc062723c751e8b465ee728b)  -> (artifact id: '42491927bd5abff60e1d3a9c41d41912') in 0.008489 seconds
  Import took 0.010739 seconds .

========================================================================
Received Import Request.
  Time since last request: 0.000222 seconds.
  path: Assets/Scenes/TestScene/Lightmap-5_comp_dir.png
  artifactKey: Guid(d30b58ede190e0148a0c946cbf841ae0) Importer(815301076,1909f56bfc062723c751e8b465ee728b)
Start importing Assets/Scenes/TestScene/Lightmap-5_comp_dir.png using Guid(d30b58ede190e0148a0c946cbf841ae0) Importer(815301076,1909f56bfc062723c751e8b465ee728b)  -> (artifact id: '6e31abcbdde5f7ea045e71b72945c107') in 0.009041 seconds
  Import took 0.011342 seconds .

========================================================================
Received Import Request.
  Time since last request: 0.000173 seconds.
  path: Assets/Scenes/TestScene/Lightmap-5_comp_light.exr
  artifactKey: Guid(1a11e290245c51b428695ceac266b155) Importer(815301076,1909f56bfc062723c751e8b465ee728b)
Start importing Assets/Scenes/TestScene/Lightmap-5_comp_light.exr using Guid(1a11e290245c51b428695ceac266b155) Importer(815301076,1909f56bfc062723c751e8b465ee728b)  -> (artifact id: '7d8d05ee2669394d114f1bf336a62203') in 0.007800 seconds
  Import took 0.009855 seconds .

========================================================================
Received Import Request.
  Time since last request: 0.000209 seconds.
  path: Assets/Scenes/TestScene/Lightmap-4_comp_dir.png
  artifactKey: Guid(025b9738adea7244887dd5d1c84a9f46) Importer(815301076,1909f56bfc062723c751e8b465ee728b)
Start importing Assets/Scenes/TestScene/Lightmap-4_comp_dir.png using Guid(025b9738adea7244887dd5d1c84a9f46) Importer(815301076,1909f56bfc062723c751e8b465ee728b)  -> (artifact id: '2b23b8b91cf29d979cfcf455c264a0f2') in 0.008168 seconds
  Import took 0.010795 seconds .

========================================================================
Received Import Request.
  Time since last request: 0.000153 seconds.
  path: Assets/Scenes/TestScene/Lightmap-3_comp_light.exr
  artifactKey: Guid(c2c581b4effe8b34791684fa4044c92a) Importer(815301076,1909f56bfc062723c751e8b465ee728b)
Start importing Assets/Scenes/TestScene/Lightmap-3_comp_light.exr using Guid(c2c581b4effe8b34791684fa4044c92a) Importer(815301076,1909f56bfc062723c751e8b465ee728b)  -> (artifact id: 'e6fe926710976187e4bb10bb7b524b06') in 0.008764 seconds
  Import took 0.010634 seconds .

========================================================================
Received Import Request.
  Time since last request: 0.000217 seconds.
  path: Assets/Scenes/TestScene/Lightmap-0_comp_dir.png
  artifactKey: Guid(b4c2bde1a09558e4cbfbacd3f480f66e) Importer(815301076,1909f56bfc062723c751e8b465ee728b)
Start importing Assets/Scenes/TestScene/Lightmap-0_comp_dir.png using Guid(b4c2bde1a09558e4cbfbacd3f480f66e) Importer(815301076,1909f56bfc062723c751e8b465ee728b)  -> (artifact id: '88afbfc98de0dace6de33f2a0f5fe749') in 0.008346 seconds
  Import took 0.010624 seconds .

========================================================================
Received Import Request.
  Time since last request: 0.000159 seconds.
  path: Assets/Scenes/TestScene/Lightmap-11_comp_light.exr
  artifactKey: Guid(683ef24714c3f5a4991f25b5500d96e8) Importer(815301076,1909f56bfc062723c751e8b465ee728b)
Start importing Assets/Scenes/TestScene/Lightmap-11_comp_light.exr using Guid(683ef24714c3f5a4991f25b5500d96e8) Importer(815301076,1909f56bfc062723c751e8b465ee728b)  -> (artifact id: '383eb6d2c2c89ed2f4e2923261a23b23') in 0.007745 seconds
  Import took 0.009568 seconds .

========================================================================
Received Import Request.
  Time since last request: 0.000198 seconds.
  path: Assets/Scenes/TestScene/Lightmap-8_comp_light.exr
  artifactKey: Guid(6817cc925f4230f449aa08c7171103cf) Importer(815301076,1909f56bfc062723c751e8b465ee728b)
Start importing Assets/Scenes/TestScene/Lightmap-8_comp_light.exr using Guid(6817cc925f4230f449aa08c7171103cf) Importer(815301076,1909f56bfc062723c751e8b465ee728b)  -> (artifact id: 'b7d479f6e00833300c78673d28486dd0') in 0.008485 seconds
  Import took 0.010782 seconds .

========================================================================
Received Import Request.
  Time since last request: 0.000196 seconds.
  path: Assets/Scenes/TestScene/Lightmap-10_comp_dir.png
  artifactKey: Guid(6b1be60b622d04441bccca3eb87f0a18) Importer(815301076,1909f56bfc062723c751e8b465ee728b)
Start importing Assets/Scenes/TestScene/Lightmap-10_comp_dir.png using Guid(6b1be60b622d04441bccca3eb87f0a18) Importer(815301076,1909f56bfc062723c751e8b465ee728b)  -> (artifact id: '98110ad9f05402bbaa5cbd69282ed0c5') in 0.008206 seconds
  Import took 0.010337 seconds .

========================================================================
Received Import Request.
  Time since last request: 0.000216 seconds.
  path: Assets/Scenes/TestScene/Lightmap-12_comp_dir.png
  artifactKey: Guid(8009c240c5ebca84dbb150479afd6655) Importer(815301076,1909f56bfc062723c751e8b465ee728b)
Start importing Assets/Scenes/TestScene/Lightmap-12_comp_dir.png using Guid(8009c240c5ebca84dbb150479afd6655) Importer(815301076,1909f56bfc062723c751e8b465ee728b)  -> (artifact id: '8ebfe602c91aeb3011565adab93e850b') in 0.007960 seconds
  Import took 0.010087 seconds .

========================================================================
Received Prepare
Registering precompiled user dll's ...
Registered in 0.000464 seconds.
Begin MonoManager ReloadAssembly
Native extension for WindowsStandalone target not found
Native extension for OSXStandalone target not found
Native extension for WebGL target not found
Refreshing native plugins compatible for Editor in 0.51 ms, found 0 plugins.
Preloading 0 native plugins for Editor in 0.00 ms.
Invoked RoslynAnalysisRunner static constructor.
RoslynAnalysisRunner will not be running.
RoslynAnalysisRunner has terminated.
Mono: successfully reloaded assembly
- Completed reload, in  0.610 seconds
Platform modules already initialized, skipping
Refreshing native plugins compatible for Editor in 0.43 ms, found 0 plugins.
Preloading 0 native plugins for Editor in 0.00 ms.
Unloading 1228 Unused Serialized files (Serialized files now loaded: 0)
System memory in use before: 90.9 MB.
System memory in use after: 90.7 MB.

Unloading 7 unused Assets to reduce memory usage. Loaded Objects now: 1766.
Total: 1.795300 ms (FindLiveObjects: 0.194900 ms CreateObjectMapping: 0.028600 ms MarkObjects: 1.269000 ms  DeleteObjects: 0.302100 ms)

AssetImportWorkerClient::OnTransportError - code=2 error=End of file
